<?xml version="1.0" encoding="UTF-8"?>
<testng-results ignored="0" total="1" passed="1" failed="0" skipped="0">
  <reporter-output>
  </reporter-output>
  <suite started-at="2023-09-07T21:34:55 EDT" name="Surefire suite" finished-at="2023-09-07T21:35:59 EDT" duration-ms="63826">
    <groups>
      <group name="cucumber">
        <method signature="AbstractTestNGCucumberTests.feature(cucumber.api.testng.CucumberFeatureWrapper)[pri:0, instance:testRunnermultipleDropdown.TestRunnermultipleDropdown@49c7b90e]" name="feature" class="cucumber.api.testng.AbstractTestNGCucumberTests"/>
      </group> <!-- cucumber -->
    </groups>
    <test started-at="2023-09-07T21:34:55 EDT" name="Surefire test" finished-at="2023-09-07T21:35:59 EDT" duration-ms="63826">
      <class name="testRunnermultipleDropdown.TestRunnermultipleDropdown">
        <test-method is-config="true" signature="multidropsetup()[pri:0, instance:testRunnermultipleDropdown.TestRunnermultipleDropdown@49c7b90e]" started-at="2023-09-07T21:34:55 EDT" name="multidropsetup" finished-at="2023-09-07T21:35:45 EDT" duration-ms="49861" status="PASS">
          <reporter-output>
          </reporter-output>
        </test-method> <!-- multidropsetup -->
        <test-method is-config="true" signature="setUpClass()[pri:0, instance:testRunnermultipleDropdown.TestRunnermultipleDropdown@49c7b90e]" started-at="2023-09-07T21:35:45 EDT" name="setUpClass" finished-at="2023-09-07T21:35:45 EDT" duration-ms="262" status="PASS">
          <reporter-output>
          </reporter-output>
        </test-method> <!-- setUpClass -->
        <test-method signature="feature(cucumber.api.testng.CucumberFeatureWrapper)[pri:0, instance:testRunnermultipleDropdown.TestRunnermultipleDropdown@49c7b90e]" started-at="2023-09-07T21:35:46 EDT" name="feature" description="Runs Cucumber Feature" data-provider="features" finished-at="2023-09-07T21:35:59 EDT" duration-ms="13176" status="PASS">
          <params>
            <param index="0">
              <value>
                <![CDATA[This feature is for multiple dropdown functionality]]>
              </value>
            </param>
          </params>
          <reporter-output>
          </reporter-output>
        </test-method> <!-- feature -->
        <test-method is-config="true" signature="tearDownClass()[pri:0, instance:testRunnermultipleDropdown.TestRunnermultipleDropdown@49c7b90e]" started-at="2023-09-07T21:35:59 EDT" name="tearDownClass" finished-at="2023-09-07T21:35:59 EDT" duration-ms="215" status="PASS">
          <reporter-output>
          </reporter-output>
        </test-method> <!-- tearDownClass -->
        <test-method is-config="true" signature="multidropClosureURL()[pri:0, instance:testRunnermultipleDropdown.TestRunnermultipleDropdown@49c7b90e]" started-at="2023-09-07T21:35:59 EDT" name="multidropClosureURL" finished-at="2023-09-07T21:35:59 EDT" duration-ms="4" status="PASS">
          <reporter-output>
          </reporter-output>
        </test-method> <!-- multidropClosureURL -->
      </class> <!-- testRunnermultipleDropdown.TestRunnermultipleDropdown -->
    </test> <!-- Surefire test -->
  </suite> <!-- Surefire suite -->
</testng-results>
